[debug] [2023-05-22T06:14:15.370Z] ----------------------------------------------------------------------
[debug] [2023-05-22T06:14:15.371Z] Command:       C:\Program Files\nodejs\node.exe C:\Users\Mostafizur Rahman\AppData\Roaming\npm\node_modules\firebase-tools\lib\bin\firebase.js init
[debug] [2023-05-22T06:14:15.372Z] CLI Version:   11.25.3
[debug] [2023-05-22T06:14:15.372Z] Platform:      win32
[debug] [2023-05-22T06:14:15.372Z] Node Version:  v18.10.0
[debug] [2023-05-22T06:14:15.372Z] Time:          Mon May 22 2023 12:14:15 GMT+0600 (Bangladesh Standard Time)
[debug] [2023-05-22T06:14:15.373Z] ----------------------------------------------------------------------
[debug] 
[debug] [2023-05-22T06:14:15.383Z] >>> [apiv2][query] GET https://firebase-public.firebaseio.com/cli.json [none]
[debug] [2023-05-22T06:14:15.420Z] > command requires scopes: ["email","openid","https://www.googleapis.com/auth/cloudplatformprojects.readonly","https://www.googleapis.com/auth/firebase","https://www.googleapis.com/auth/cloud-platform"]
[debug] [2023-05-22T06:14:15.420Z] > authorizing via signed-in user (mostafizur0195@gmail.com)
[info] 
     ######## #### ########  ######## ########     ###     ######  ########
     ##        ##  ##     ## ##       ##     ##  ##   ##  ##       ##
     ######    ##  ########  ######   ########  #########  ######  ######
     ##        ##  ##    ##  ##       ##     ## ##     ##       ## ##
     ##       #### ##     ## ######## ########  ##     ##  ######  ########

You're about to initialize a Firebase project in this directory:

  E:\Web-Project\assignment\eShopers\eShopers-bd-client

[debug] [2023-05-22T06:14:16.237Z] <<< [apiv2][status] GET https://firebase-public.firebaseio.com/cli.json 200
[debug] [2023-05-22T06:14:16.238Z] <<< [apiv2][body] GET https://firebase-public.firebaseio.com/cli.json {"cloudBuildErrorAfter":1594252800000,"cloudBuildWarnAfter":1590019200000,"defaultNode10After":1594252800000,"minVersion":"3.0.5","node8DeploysDisabledAfter":1613390400000,"node8RuntimeDisabledAfter":1615809600000,"node8WarnAfter":1600128000000}
